2026-05-27 15:31:49,826 | web_scraper | INFO | Found 10 URLs
2026-05-27 15:31:50,861 | web_scraper | INFO | OK -> Paneer Butter Masala Recipe - Restaurant Style
2026-05-27 15:31:52,592 | web_scraper | INFO | OK -> Masala Dosa Recipe | Crispy Masale Dose | How to make Masala Dosa
2026-05-27 15:31:54,254 | web_scraper | INFO | OK -> chole bhature recipe | chhole bhature | chana bhatura | chola batura
2026-05-27 15:31:55,969 | web_scraper | INFO | OK -> aloo palak recipe | palak aloo recipe | aloo palak gravy recipe
2026-05-27 15:31:57,604 | web_scraper | INFO | OK -> chana masala recipe | chickpea masala recipe | chana curry | chana masala curry
2026-05-27 15:31:59,303 | web_scraper | INFO | OK -> pindi chole recipe | pindi chana masala | how to make pindi chole masala
2026-05-27 15:32:00,967 | web_scraper | INFO | OK -> bhatura recipe | punjabi bhature recipe | bhatura for chole bhatura
2026-05-27 15:32:02,633 | web_scraper | INFO | OK -> potato curry for masala dosa | aloo baji for masala dosa
2026-05-27 15:32:04,333 | web_scraper | INFO | OK -> sambar powder recipe | sambar masala | sambar podi | sambhar masala at home
2026-05-27 15:32:06,064 | web_scraper | INFO | OK -> paneer butter masala without onion and garlic | paneer jain recipes
2026-05-27 15:32:07,072 | web_scraper | INFO | Saved 10 recipes to data\raw\web_recipes.json
2026-05-27 15:32:41,010 | web_scraper | INFO | Found 10 URLs
2026-05-27 15:32:41,769 | web_scraper | INFO | OK -> Paneer Butter Masala Recipe - Restaurant Style
2026-05-27 15:32:43,460 | web_scraper | INFO | OK -> Masala Dosa Recipe | Crispy Masale Dose | How to make Masala Dosa
2026-05-27 15:32:45,426 | web_scraper | INFO | OK -> chole bhature recipe | chhole bhature | chana bhatura | chola batura
2026-05-27 15:32:47,265 | web_scraper | INFO | OK -> aloo palak recipe | palak aloo recipe | aloo palak gravy recipe
2026-05-27 15:32:49,193 | web_scraper | INFO | OK -> chana masala recipe | chickpea masala recipe | chana curry | chana masala curry
2026-05-27 15:32:51,157 | web_scraper | INFO | OK -> pindi chole recipe | pindi chana masala | how to make pindi chole masala
2026-05-27 15:32:53,038 | web_scraper | INFO | OK -> bhatura recipe | punjabi bhature recipe | bhatura for chole bhatura
2026-05-27 15:32:54,908 | web_scraper | INFO | OK -> potato curry for masala dosa | aloo baji for masala dosa
2026-05-27 15:32:56,797 | web_scraper | INFO | OK -> sambar powder recipe | sambar masala | sambar podi | sambhar masala at home
2026-05-27 15:32:58,732 | web_scraper | INFO | OK -> paneer butter masala without onion and garlic | paneer jain recipes
2026-05-27 15:32:59,739 | web_scraper | INFO | Saved 10 recipes to data\raw\web_recipes.json
2026-05-27 15:33:21,301 | pipeline_runner | INFO | Starting pipeline run
2026-05-27 15:33:21,348 | pipeline_runner | INFO | Loaded 10 raw records
2026-05-27 15:33:21,348 | pipeline_runner | INFO | Processing record_id=4484faf4-3589-4f3a-bb99-74e32d5afcbe
2026-05-27 15:33:21,350 | pipeline_runner | INFO | Accepted record_id=4484faf4-3589-4f3a-bb99-74e32d5afcbe
2026-05-27 15:33:21,350 | pipeline_runner | INFO | Processing record_id=34b7841b-3e09-4b59-8f27-42d6bf001ac5
2026-05-27 15:33:21,351 | pipeline_runner | INFO | Accepted record_id=34b7841b-3e09-4b59-8f27-42d6bf001ac5
2026-05-27 15:33:21,351 | pipeline_runner | INFO | Processing record_id=c97289b1-4868-4077-8754-d4bfb5facd6d
2026-05-27 15:33:21,352 | pipeline_runner | INFO | Accepted record_id=c97289b1-4868-4077-8754-d4bfb5facd6d
2026-05-27 15:33:21,352 | pipeline_runner | INFO | Processing record_id=716b6434-9555-4f32-b553-3f960e437552
2026-05-27 15:33:21,353 | pipeline_runner | INFO | Accepted record_id=716b6434-9555-4f32-b553-3f960e437552
2026-05-27 15:33:21,353 | pipeline_runner | INFO | Processing record_id=645e0cd0-5031-46d7-a908-fcc8e7560b57
2026-05-27 15:33:21,353 | pipeline_runner | INFO | Accepted record_id=645e0cd0-5031-46d7-a908-fcc8e7560b57
2026-05-27 15:33:21,354 | pipeline_runner | INFO | Processing record_id=ead2d0d8-ceb5-40f3-9401-100231a02ff9
2026-05-27 15:33:21,355 | pipeline_runner | INFO | Accepted record_id=ead2d0d8-ceb5-40f3-9401-100231a02ff9
2026-05-27 15:33:21,355 | pipeline_runner | INFO | Processing record_id=836c5dca-fecc-48df-9520-24be5f5b6bfb
2026-05-27 15:33:21,356 | pipeline_runner | INFO | Accepted record_id=836c5dca-fecc-48df-9520-24be5f5b6bfb
2026-05-27 15:33:21,356 | pipeline_runner | INFO | Processing record_id=5ccdcbdb-2b4c-44c0-a53b-7567d85c38da
2026-05-27 15:33:21,357 | pipeline_runner | INFO | Accepted record_id=5ccdcbdb-2b4c-44c0-a53b-7567d85c38da
2026-05-27 15:33:21,357 | pipeline_runner | INFO | Processing record_id=f0cf8885-cd85-4a6f-b337-20b174892853
2026-05-27 15:33:21,357 | pipeline_runner | INFO | Accepted record_id=f0cf8885-cd85-4a6f-b337-20b174892853
2026-05-27 15:33:21,357 | pipeline_runner | INFO | Processing record_id=91000cf9-73a3-4a3a-9529-7e82d4d3395e
2026-05-27 15:33:21,358 | pipeline_runner | INFO | Accepted record_id=91000cf9-73a3-4a3a-9529-7e82d4d3395e
2026-05-27 15:33:21,404 | pipeline_runner | INFO | Pipeline summary: {'total': 10, 'accepted': 10, 'rejected': 0}
2026-05-27 15:47:30,548 | pipeline_runner | INFO | Starting pipeline run
2026-05-27 15:47:30,550 | pipeline_runner | INFO | Loaded 10 raw records
2026-05-27 15:47:30,551 | pipeline_runner | INFO | Processing record_id=595c0a02-26b4-4bfb-85e9-cd9641bf4f0f
2026-05-27 15:47:30,552 | pipeline_runner | INFO | Accepted record_id=595c0a02-26b4-4bfb-85e9-cd9641bf4f0f
2026-05-27 15:47:30,552 | pipeline_runner | INFO | Processing record_id=c014ec83-7d10-4a97-b3cf-85bce95c7003
2026-05-27 15:47:30,553 | pipeline_runner | INFO | Accepted record_id=c014ec83-7d10-4a97-b3cf-85bce95c7003
2026-05-27 15:47:30,553 | pipeline_runner | INFO | Processing record_id=3b7e6145-d114-4f32-8f5b-dcd397527c6e
2026-05-27 15:47:30,554 | pipeline_runner | INFO | Accepted record_id=3b7e6145-d114-4f32-8f5b-dcd397527c6e
2026-05-27 15:47:30,554 | pipeline_runner | INFO | Processing record_id=ffc8bddf-707d-4930-9df0-06148a9812d3
2026-05-27 15:47:30,554 | pipeline_runner | INFO | Accepted record_id=ffc8bddf-707d-4930-9df0-06148a9812d3
2026-05-27 15:47:30,555 | pipeline_runner | INFO | Processing record_id=34c926d1-e5c7-4816-b6a3-3cbb5048fd2c
2026-05-27 15:47:30,556 | pipeline_runner | INFO | Accepted record_id=34c926d1-e5c7-4816-b6a3-3cbb5048fd2c
2026-05-27 15:47:30,556 | pipeline_runner | INFO | Processing record_id=813eb6e5-7cfa-4d40-97da-9128dea3530b
2026-05-27 15:47:30,557 | pipeline_runner | INFO | Accepted record_id=813eb6e5-7cfa-4d40-97da-9128dea3530b
2026-05-27 15:47:30,557 | pipeline_runner | INFO | Processing record_id=a69be329-9e19-4eb6-ad88-9c85d4abb27e
2026-05-27 15:47:30,558 | pipeline_runner | INFO | Accepted record_id=a69be329-9e19-4eb6-ad88-9c85d4abb27e
2026-05-27 15:47:30,558 | pipeline_runner | INFO | Processing record_id=08668cc4-d56d-4c24-a634-54e276b68da8
2026-05-27 15:47:30,558 | pipeline_runner | INFO | Accepted record_id=08668cc4-d56d-4c24-a634-54e276b68da8
2026-05-27 15:47:30,558 | pipeline_runner | INFO | Processing record_id=9ba08d55-f8cd-4d48-a5f4-4e41aa67acd1
2026-05-27 15:47:30,559 | pipeline_runner | INFO | Accepted record_id=9ba08d55-f8cd-4d48-a5f4-4e41aa67acd1
2026-05-27 15:47:30,560 | pipeline_runner | INFO | Processing record_id=22d606bd-f853-49cf-931c-0ca422c9d670
2026-05-27 15:47:30,560 | pipeline_runner | INFO | Accepted record_id=22d606bd-f853-49cf-931c-0ca422c9d670
2026-05-27 15:47:30,560 | pipeline_runner | INFO | Running deduplication on 10 accepted recipes
2026-05-27 15:47:30,562 | pipeline_runner | INFO | Deduplicated 0 duplicates
2026-05-27 15:47:30,617 | pipeline_runner | INFO | Pipeline summary: {'total': 10, 'accepted': 10, 'rejected': 0, 'duplicates_removed': 0}
2026-05-27 15:52:27,729 | web_scraper | INFO | Found 10 URLs
2026-05-27 15:52:28,523 | web_scraper | INFO | OK -> Paneer Butter Masala Recipe - Restaurant Style
2026-05-27 15:52:30,168 | web_scraper | INFO | OK -> Masala Dosa Recipe | Crispy Masale Dose | How to make Masala Dosa
2026-05-27 15:52:31,870 | web_scraper | INFO | OK -> chole bhature recipe | chhole bhature | chana bhatura | chola batura
2026-05-27 15:52:33,554 | web_scraper | INFO | OK -> aloo palak recipe | palak aloo recipe | aloo palak gravy recipe
2026-05-27 15:52:35,214 | web_scraper | INFO | OK -> chana masala recipe | chickpea masala recipe | chana curry | chana masala curry
2026-05-27 15:52:36,881 | web_scraper | INFO | OK -> pindi chole recipe | pindi chana masala | how to make pindi chole masala
2026-05-27 15:52:38,561 | web_scraper | INFO | OK -> bhatura recipe | punjabi bhature recipe | bhatura for chole bhatura
2026-05-27 15:52:40,211 | web_scraper | INFO | OK -> potato curry for masala dosa | aloo baji for masala dosa
2026-05-27 15:52:41,895 | web_scraper | INFO | OK -> sambar powder recipe | sambar masala | sambar podi | sambhar masala at home
2026-05-27 15:52:43,561 | web_scraper | INFO | OK -> paneer butter masala without onion and garlic | paneer jain recipes
2026-05-27 15:52:44,566 | web_scraper | INFO | Saved 10 recipes to data\raw\web_recipes.json
